<?xml version="1.0" encoding="UTF-8"?>
<!-- Generated by org.testng.reporters.JUnitReportReporter -->
<testsuite hostname="DESKTOP-CFSKSBJ" failures="0" tests="3" name="testCases.TC002_LoginTest" time="5.677" errors="0" timestamp="2024-11-14T08:54:14 IST" skipped="0">
  <testcase classname="testCases.TC002_LoginTest" name="verify_login" time="1.120"/>
  <testcase classname="testCases.TC002_LoginTest" name="verify_login" time="2.621"/>
  <testcase classname="testCases.TC002_LoginTest" name="verify_login" time="1.936"/>
</testsuite> <!-- testCases.TC002_LoginTest -->
