<?xml version="1.0" encoding="UTF-8"?>
<!-- Generated by org.testng.reporters.JUnitReportReporter -->
<testsuite hostname="DESKTOP-CFSKSBJ" failures="0" tests="3" name="testCases.TC001_AccountRegistration" time="11.023" errors="0" timestamp="2024-11-14T08:54:14 IST" skipped="0">
  <testcase classname="testCases.TC001_AccountRegistration" name="verify_account_registration" time="4.171"/>
  <testcase classname="testCases.TC001_AccountRegistration" name="verify_account_registration" time="2.649"/>
  <testcase classname="testCases.TC001_AccountRegistration" name="verify_account_registration" time="4.203"/>
</testsuite> <!-- testCases.TC001_AccountRegistration -->
