<?xml version="1.0" encoding="UTF-8"?>
<!-- Generated by org.testng.reporters.JUnitReportReporter -->
<testsuite hostname="DESKTOP-CFSKSBJ" failures="0" tests="1" name="testCases.TC001_AccountRegistration" time="2.004" errors="0" timestamp="2024-11-13T17:31:42 IST" skipped="0">
  <testcase classname="testCases.TC001_AccountRegistration" name="verify_account_registration" time="2.004"/>
</testsuite> <!-- testCases.TC001_AccountRegistration -->
